2025.01.01 23:51:21 INFO  Started: Metals version 1.4.2 in folders '/Users/sightes/Documents/GITHUB/2025_Scala_Project' for client Visual Studio Code 1.96.2.
2025.01.01 23:51:21 INFO  no build target found for /Users/sightes/Documents/GITHUB/2025_Scala_Project/hello_scala/build.sbt. Using presentation compiler with project's scala-library version: 3.3.4
ene 01, 2025 11:51:28 P.M. org.eclipse.lsp4j.jsonrpc.RemoteEndpoint handleCancellation
ADVERTENCIA: Unmatched cancel notification for request id 3
ene 01, 2025 11:51:28 P.M. org.eclipse.lsp4j.jsonrpc.RemoteEndpoint handleCancellation
ADVERTENCIA: Unmatched cancel notification for request id 6
ene 01, 2025 11:51:28 P.M. org.eclipse.lsp4j.jsonrpc.RemoteEndpoint handleCancellation
ADVERTENCIA: Unmatched cancel notification for request id 2
ene 01, 2025 11:51:28 P.M. org.eclipse.lsp4j.jsonrpc.RemoteEndpoint handleCancellation
ADVERTENCIA: Unmatched cancel notification for request id 1
2025.01.01 23:51:28 INFO  running '/Library/Java/JavaVirtualMachines/temurin-22.jdk/Contents/Home/bin/java -Djline.terminal=jline.UnsupportedTerminal -Dsbt.log.noformat=true -Dfile.encoding=UTF-8 -Dsbt.version=1.10.6 -jar /var/folders/cv/gdb475fx4q9by26c926zrqmw0000gn/T/metals6308302150622266003/sbt-launch.jar -Dbloop.export-jar-classifiers=sources bloopInstall'
2025.01.01 23:51:28 ERROR [info] [launcher] getting org.scala-sbt sbt 1.10.6  (this may take some time)...
2025.01.01 23:51:35 ERROR [info] [launcher] getting Scala 2.12.20 (for sbt)...
2025.01.01 23:51:36 INFO  [info] Updated file /Users/sightes/Documents/GITHUB/2025_Scala_Project/hello_scala/project/build.properties: set sbt.version to 1.10.6
2025.01.01 23:51:36 INFO  [info] welcome to sbt 1.10.6 (Eclipse Adoptium Java 22.0.1)
2025.01.01 23:51:36 INFO  [info] loading settings for project hello_scala-build-build from metals.sbt...
2025.01.01 23:51:38 INFO  [info] loading project definition from /Users/sightes/Documents/GITHUB/2025_Scala_Project/hello_scala/project/project
2025.01.01 23:51:39 INFO  [info] loading settings for project hello_scala-build from metals.sbt...
2025.01.01 23:51:39 INFO  [info] loading project definition from /Users/sightes/Documents/GITHUB/2025_Scala_Project/hello_scala/project
2025.01.01 23:51:43 INFO  [success] Generated .bloop/hello_scala-build.json
2025.01.01 23:51:43 INFO  [success] Total time: 3 s, completed 1 ene 2025, 11:51:43 p.m.
2025.01.01 23:51:43 INFO  [info] loading settings for project hello_scala from build.sbt...
2025.01.01 23:51:43 INFO  [info] set current project to hello_scala (in build file:/Users/sightes/Documents/GITHUB/2025_Scala_Project/hello_scala/)
2025.01.01 23:51:45 INFO  [success] Generated .bloop/hello_scala-test.json
2025.01.01 23:51:45 INFO  [success] Generated .bloop/hello_scala.json
2025.01.01 23:51:45 INFO  [success] Total time: 2 s, completed 1 ene 2025, 11:51:45 p.m.
2025.01.01 23:51:45 INFO  time: ran 'sbt bloopInstall' in 17s
2025.01.01 23:51:45 INFO  Attempting to connect to the build server...
2025.01.01 23:51:45 INFO  No running Bloop server found, starting one.
2025.01.01 23:51:52 INFO  Starting compilation server
2025.01.01 23:51:52 INFO  tracing is disabled for protocol BSP, to enable tracing of incoming and outgoing JSON messages create an empty file at /Users/sightes/Documents/GITHUB/2025_Scala_Project/.metals/bsp.trace.json or /Users/sightes/Library/Caches/org.scalameta.metals/bsp.trace.json
2025.01.01 23:51:55 INFO  time: Connected to build server in 10s
2025.01.01 23:51:55 INFO  Connected to Build server: Bloop v2.0.6
2025.01.01 23:51:55 INFO  running doctor check
2025.01.01 23:51:55 INFO  java targets: hello_scala, hello_scala-test
2025.01.01 23:52:04 INFO  time: indexed workspace in 8.99s
2025.01.01 23:52:04 WARN  no build target for: /Users/sightes/Documents/GITHUB/2025_Scala_Project/hello_scala/build.sbt
2025.01.01 23:52:42 INFO  no build target found for /Users/sightes/Documents/GITHUB/2025_Scala_Project/hello_scala/build.sbt. Using presentation compiler with project's scala-library version: 2.13.12
2025.01.01 23:52:42 INFO  no build target found for /Users/sightes/Documents/GITHUB/2025_Scala_Project/hello_scala/build.sbt. Using presentation compiler with project's scala-library version: 2.13.12
2025.01.01 23:52:42 INFO  no build target found for /Users/sightes/Documents/GITHUB/2025_Scala_Project/hello_scala/build.sbt. Using presentation compiler with project's scala-library version: 2.13.12
2025.01.01 23:52:42 INFO  no build target found for /Users/sightes/Documents/GITHUB/2025_Scala_Project/hello_scala/build.sbt. Using presentation compiler with project's scala-library version: 2.13.12
2025.01.01 23:52:43 INFO  no build target found for /Users/sightes/Documents/GITHUB/2025_Scala_Project/hello_scala/build.sbt. Using presentation compiler with project's scala-library version: 2.13.12
2025.01.01 23:52:43 INFO  time: code lens generation in 1.1s
2025.01.02 00:03:53 INFO  no build target found for /Users/sightes/Documents/GITHUB/2025_Scala_Project/hello_scala/build.sbt. Using presentation compiler with project's scala-library version: 2.13.12
2025.01.02 00:07:03 INFO  no build target found for /Users/sightes/Documents/GITHUB/2025_Scala_Project/hello_scala/build.sbt. Using presentation compiler with project's scala-library version: 2.13.12
2025.01.02 00:07:03 INFO  no build target found for /Users/sightes/Documents/GITHUB/2025_Scala_Project/hello_scala/build.sbt. Using presentation compiler with project's scala-library version: 2.13.12
2025.01.02 00:07:03 INFO  no build target found for /Users/sightes/Documents/GITHUB/2025_Scala_Project/hello_scala/build.sbt. Using presentation compiler with project's scala-library version: 2.13.12
2025.01.02 00:07:18 INFO  Shutting down server
2025.01.02 00:07:18 INFO  shutting down Metals
2025.01.02 00:07:18 INFO  Shut down connection with build server.
2025.01.02 00:07:18 INFO  Exiting server
2025.01.03 22:53:29 INFO  Started: Metals version 1.4.2 in folders '/Users/sightes/Documents/GITHUB/2025_Scala_Project' for client Visual Studio Code 1.96.2.
2025.01.03 22:53:30 INFO  no build target found for /Users/sightes/Documents/GITHUB/2025_Scala_Project/sqlite_data_insert/src/main/scala/Main.scala. Using presentation compiler with project's scala-library version: 3.3.4
2025.01.03 22:53:39 INFO  no build target found for /Users/sightes/Documents/GITHUB/2025_Scala_Project/sqlite_data_insert/build.sbt. Using presentation compiler with project's scala-library version: 3.3.4
2025.01.03 22:53:39 INFO  no build target found for /Users/sightes/Documents/GITHUB/2025_Scala_Project/sqlite_data_insert/build.sbt. Using presentation compiler with project's scala-library version: 3.3.4
2025.01.03 22:53:39 WARN  Could not find semantic tokens for: file:///Users/sightes/Documents/GITHUB/2025_Scala_Project/sqlite_data_insert/build.sbt
2025.01.03 22:53:41 INFO  no build target found for /Users/sightes/Documents/GITHUB/2025_Scala_Project/sqlite_data_insert/build.sbt. Using presentation compiler with project's scala-library version: 3.3.4
2025.01.03 22:53:42 INFO  no build target found for /Users/sightes/Documents/GITHUB/2025_Scala_Project/sqlite_data_insert/build.sbt. Using presentation compiler with project's scala-library version: 3.3.4
2025.01.03 22:53:43 INFO  no build target found for /Users/sightes/Documents/GITHUB/2025_Scala_Project/sqlite_data_insert/build.sbt. Using presentation compiler with project's scala-library version: 3.3.4
2025.01.03 22:53:43 INFO  no build target found for /Users/sightes/Documents/GITHUB/2025_Scala_Project/sqlite_data_insert/build.sbt. Using presentation compiler with project's scala-library version: 3.3.4
2025.01.03 22:53:43 INFO  no build target found for /Users/sightes/Documents/GITHUB/2025_Scala_Project/sqlite_data_insert/build.sbt. Using presentation compiler with project's scala-library version: 3.3.4
2025.01.03 22:53:43 WARN  Could not find semantic tokens for: file:///Users/sightes/Documents/GITHUB/2025_Scala_Project/sqlite_data_insert/build.sbt
2025.01.03 22:53:52 INFO  no build target found for /Users/sightes/Documents/GITHUB/2025_Scala_Project/sqlite_data_insert/src/main/scala/Main.scala. Using presentation compiler with project's scala-library version: 3.3.4
2025.01.03 22:53:53 INFO  no build target found for /Users/sightes/Documents/GITHUB/2025_Scala_Project/sqlite_data_insert/src/main/scala/Main.scala. Using presentation compiler with project's scala-library version: 3.3.4
2025.01.03 22:53:53 INFO  no build target found for /Users/sightes/Documents/GITHUB/2025_Scala_Project/sqlite_data_insert/src/main/scala/Main.scala. Using presentation compiler with project's scala-library version: 3.3.4
2025.01.03 22:53:53 INFO  no build target found for /Users/sightes/Documents/GITHUB/2025_Scala_Project/sqlite_data_insert/src/main/scala/Main.scala. Using presentation compiler with project's scala-library version: 3.3.4
2025.01.03 22:53:53 INFO  no build target found for /Users/sightes/Documents/GITHUB/2025_Scala_Project/sqlite_data_insert/src/main/scala/Main.scala. Using presentation compiler with project's scala-library version: 3.3.4
2025.01.03 22:53:53 INFO  no build target found for /Users/sightes/Documents/GITHUB/2025_Scala_Project/sqlite_data_insert/src/main/scala/Main.scala. Using presentation compiler with project's scala-library version: 3.3.4
2025.01.03 22:53:53 INFO  no build target found for /Users/sightes/Documents/GITHUB/2025_Scala_Project/sqlite_data_insert/src/main/scala/Main.scala. Using presentation compiler with project's scala-library version: 3.3.4
2025.01.03 22:53:53 INFO  no build target found for /Users/sightes/Documents/GITHUB/2025_Scala_Project/sqlite_data_insert/src/main/scala/Main.scala. Using presentation compiler with project's scala-library version: 3.3.4
2025.01.03 22:53:53 INFO  no build target found for /Users/sightes/Documents/GITHUB/2025_Scala_Project/sqlite_data_insert/src/main/scala/Main.scala. Using presentation compiler with project's scala-library version: 3.3.4
2025.01.03 22:53:54 INFO  no build target found for /Users/sightes/Documents/GITHUB/2025_Scala_Project/sqlite_data_insert/src/main/scala/Main.scala. Using presentation compiler with project's scala-library version: 3.3.4
2025.01.03 22:53:59 INFO  no build target found for /Users/sightes/Documents/GITHUB/2025_Scala_Project/sqlite_data_insert/src/main/scala/Main.scala. Using presentation compiler with project's scala-library version: 3.3.4
2025.01.03 22:53:59 INFO  no build target found for /Users/sightes/Documents/GITHUB/2025_Scala_Project/sqlite_data_insert/src/main/scala/Main.scala. Using presentation compiler with project's scala-library version: 3.3.4
2025.01.03 22:54:00 WARN  no build target for: /Users/sightes/Documents/GITHUB/2025_Scala_Project/sqlite_data_insert/src/main/scala/Main.scala
2025.01.03 22:54:00 INFO  no build target found for /Users/sightes/Documents/GITHUB/2025_Scala_Project/sqlite_data_insert/src/main/scala/Main.scala. Using presentation compiler with project's scala-library version: 3.3.4
2025.01.03 22:53:59 INFO  no build target found for /Users/sightes/Documents/GITHUB/2025_Scala_Project/sqlite_data_insert/src/main/scala/Main.scala. Using presentation compiler with project's scala-library version: 3.3.4
2025.01.03 22:53:59 INFO  no build target found for /Users/sightes/Documents/GITHUB/2025_Scala_Project/sqlite_data_insert/src/main/scala/Main.scala. Using presentation compiler with project's scala-library version: 3.3.4
2025.01.03 22:54:01 INFO  no build target found for /Users/sightes/Documents/GITHUB/2025_Scala_Project/sqlite_data_insert/build.sbt. Using presentation compiler with project's scala-library version: 3.3.4
2025.01.03 22:54:01 INFO  no build target found for /Users/sightes/Documents/GITHUB/2025_Scala_Project/sqlite_data_insert/build.sbt. Using presentation compiler with project's scala-library version: 3.3.4
2025.01.03 22:54:01 INFO  no build target found for /Users/sightes/Documents/GITHUB/2025_Scala_Project/sqlite_data_insert/build.sbt. Using presentation compiler with project's scala-library version: 3.3.4
2025.01.03 22:54:01 WARN  Could not find semantic tokens for: file:///Users/sightes/Documents/GITHUB/2025_Scala_Project/sqlite_data_insert/build.sbt
2025.01.03 22:54:01 INFO  no build target found for /Users/sightes/Documents/GITHUB/2025_Scala_Project/sqlite_data_insert/build.sbt. Using presentation compiler with project's scala-library version: 3.3.4
2025.01.03 22:54:01 WARN  no build target for: /Users/sightes/Documents/GITHUB/2025_Scala_Project/sqlite_data_insert/build.sbt
2025.01.03 22:54:01 INFO  no build target found for /Users/sightes/Documents/GITHUB/2025_Scala_Project/sqlite_data_insert/build.sbt. Using presentation compiler with project's scala-library version: 3.3.4
2025.01.03 22:54:01 WARN  Could not find semantic tokens for: file:///Users/sightes/Documents/GITHUB/2025_Scala_Project/sqlite_data_insert/build.sbt
2025.01.03 22:54:49 INFO  Shutting down server
2025.01.03 22:54:49 INFO  shutting down Metals
2025.01.03 22:54:49 INFO  Exiting server
2025.01.03 22:54:56 INFO  Started: Metals version 1.4.2 in folders '/Users/sightes/Documents/GITHUB/2025_Scala_Project' for client Visual Studio Code 1.96.2.
2025.01.03 22:54:56 INFO  no build target found for /Users/sightes/Documents/GITHUB/2025_Scala_Project/sqlite_data_insert/src/main/scala/Main.scala. Using presentation compiler with project's scala-library version: 3.3.4
ene 03, 2025 10:54:58 P.M. org.eclipse.lsp4j.jsonrpc.RemoteEndpoint handleCancellation
ADVERTENCIA: Unmatched cancel notification for request id 3
ene 03, 2025 10:54:58 P.M. org.eclipse.lsp4j.jsonrpc.RemoteEndpoint handleCancellation
ADVERTENCIA: Unmatched cancel notification for request id 5
ene 03, 2025 10:54:58 P.M. org.eclipse.lsp4j.jsonrpc.RemoteEndpoint handleCancellation
ADVERTENCIA: Unmatched cancel notification for request id 2
ene 03, 2025 10:54:58 P.M. org.eclipse.lsp4j.jsonrpc.RemoteEndpoint handleCancellation
ADVERTENCIA: Unmatched cancel notification for request id 1
2025.01.03 22:54:58 INFO  no build target found for /Users/sightes/Documents/GITHUB/2025_Scala_Project/sqlite_data_insert/src/main/scala/Main.scala. Using presentation compiler with project's scala-library version: 3.3.4
2025.01.03 22:55:24 INFO  no build target found for /Users/sightes/Documents/GITHUB/2025_Scala_Project/sqlite_data_insert/src/main/scala/Main.scala. Using presentation compiler with project's scala-library version: 3.3.4
2025.01.03 22:55:24 INFO  no build target found for /Users/sightes/Documents/GITHUB/2025_Scala_Project/sqlite_data_insert/src/main/scala/Main.scala. Using presentation compiler with project's scala-library version: 3.3.4
2025.01.03 22:55:26 INFO  no build target found for /Users/sightes/Documents/GITHUB/2025_Scala_Project/sqlite_data_insert/src/main/scala/Main.scala. Using presentation compiler with project's scala-library version: 3.3.4
2025.01.03 22:57:47 INFO  no build target found for /Users/sightes/Documents/GITHUB/2025_Scala_Project/sqlite_data_insert/src/main/scala/Main.scala. Using presentation compiler with project's scala-library version: 3.3.4
2025.01.03 22:57:48 INFO  no build target found for /Users/sightes/Documents/GITHUB/2025_Scala_Project/sqlite_data_insert/src/main/scala/Main.scala. Using presentation compiler with project's scala-library version: 3.3.4
2025.01.03 22:57:56 INFO  no build target found for /Users/sightes/Documents/GITHUB/2025_Scala_Project/sqlite_data_insert/src/main/scala/Main.scala. Using presentation compiler with project's scala-library version: 3.3.4
2025.01.03 22:57:56 INFO  no build target found for /Users/sightes/Documents/GITHUB/2025_Scala_Project/sqlite_data_insert/src/main/scala/Main.scala. Using presentation compiler with project's scala-library version: 3.3.4
2025.01.03 22:57:56 INFO  no build target found for /Users/sightes/Documents/GITHUB/2025_Scala_Project/sqlite_data_insert/src/main/scala/Main.scala. Using presentation compiler with project's scala-library version: 3.3.4
2025.01.03 22:57:58 INFO  no build target found for /Users/sightes/Documents/GITHUB/2025_Scala_Project/sqlite_data_insert/src/main/scala/Main.scala. Using presentation compiler with project's scala-library version: 3.3.4
2025.01.03 23:03:18 INFO  no build target found for /Users/sightes/Documents/GITHUB/2025_Scala_Project/sqlite_data_insert/src/main/scala/Main.scala. Using presentation compiler with project's scala-library version: 3.3.4
2025.01.03 23:03:18 INFO  no build target found for /Users/sightes/Documents/GITHUB/2025_Scala_Project/sqlite_data_insert/src/main/scala/Main.scala. Using presentation compiler with project's scala-library version: 3.3.4
2025.01.03 23:03:18 INFO  no build target found for /Users/sightes/Documents/GITHUB/2025_Scala_Project/sqlite_data_insert/src/main/scala/Main.scala. Using presentation compiler with project's scala-library version: 3.3.4
2025.01.03 23:03:19 INFO  no build target found for /Users/sightes/Documents/GITHUB/2025_Scala_Project/sqlite_data_insert/src/main/scala/Main.scala. Using presentation compiler with project's scala-library version: 3.3.4
2025.01.03 23:03:19 INFO  no build target found for /Users/sightes/Documents/GITHUB/2025_Scala_Project/sqlite_data_insert/src/main/scala/Main.scala. Using presentation compiler with project's scala-library version: 3.3.4
2025.01.03 23:03:19 INFO  no build target found for /Users/sightes/Documents/GITHUB/2025_Scala_Project/sqlite_data_insert/src/main/scala/Main.scala. Using presentation compiler with project's scala-library version: 3.3.4
2025.01.03 23:03:20 INFO  no build target found for /Users/sightes/Documents/GITHUB/2025_Scala_Project/sqlite_data_insert/src/main/scala/Main.scala. Using presentation compiler with project's scala-library version: 3.3.4
2025.01.03 23:03:32 INFO  no build target found for /Users/sightes/Documents/GITHUB/2025_Scala_Project/sqlite_data_insert/src/main/scala/Main.scala. Using presentation compiler with project's scala-library version: 3.3.4
2025.01.03 23:03:32 INFO  no build target found for /Users/sightes/Documents/GITHUB/2025_Scala_Project/sqlite_data_insert/src/main/scala/Main.scala. Using presentation compiler with project's scala-library version: 3.3.4
2025.01.03 23:03:32 INFO  no build target found for /Users/sightes/Documents/GITHUB/2025_Scala_Project/sqlite_data_insert/src/main/scala/Main.scala. Using presentation compiler with project's scala-library version: 3.3.4
2025.01.03 23:03:32 INFO  no build target found for /Users/sightes/Documents/GITHUB/2025_Scala_Project/sqlite_data_insert/src/main/scala/Main.scala. Using presentation compiler with project's scala-library version: 3.3.4
2025.01.03 23:03:33 INFO  no build target found for /Users/sightes/Documents/GITHUB/2025_Scala_Project/sqlite_data_insert/src/main/scala/Main.scala. Using presentation compiler with project's scala-library version: 3.3.4
2025.01.03 23:03:33 INFO  no build target found for /Users/sightes/Documents/GITHUB/2025_Scala_Project/sqlite_data_insert/src/main/scala/Main.scala. Using presentation compiler with project's scala-library version: 3.3.4
2025.01.03 23:03:36 INFO  no build target found for /Users/sightes/Documents/GITHUB/2025_Scala_Project/sqlite_data_insert/src/main/scala/Main.scala. Using presentation compiler with project's scala-library version: 3.3.4
2025.01.03 23:03:36 INFO  no build target found for /Users/sightes/Documents/GITHUB/2025_Scala_Project/sqlite_data_insert/src/main/scala/Main.scala. Using presentation compiler with project's scala-library version: 3.3.4
2025.01.03 23:03:36 INFO  no build target found for /Users/sightes/Documents/GITHUB/2025_Scala_Project/sqlite_data_insert/src/main/scala/Main.scala. Using presentation compiler with project's scala-library version: 3.3.4
2025.01.03 23:03:45 INFO  no build target found for /Users/sightes/Documents/GITHUB/2025_Scala_Project/sqlite_data_insert/src/main/scala/Main.scala. Using presentation compiler with project's scala-library version: 3.3.4
2025.01.03 23:05:35 INFO  no build target found for /Users/sightes/Documents/GITHUB/2025_Scala_Project/sqlite_data_insert/src/main/scala/Main.scala. Using presentation compiler with project's scala-library version: 3.3.4
2025.01.03 23:05:58 INFO  no build target found for /Users/sightes/Documents/GITHUB/2025_Scala_Project/sqlite_data_insert/src/main/scala/Main.scala. Using presentation compiler with project's scala-library version: 3.3.4
2025.01.03 23:05:58 INFO  no build target found for /Users/sightes/Documents/GITHUB/2025_Scala_Project/sqlite_data_insert/src/main/scala/Main.scala. Using presentation compiler with project's scala-library version: 3.3.4
2025.01.03 23:06:06 INFO  no build target found for /Users/sightes/Documents/GITHUB/2025_Scala_Project/sqlite_data_insert/src/main/scala/Main.scala. Using presentation compiler with project's scala-library version: 3.3.4
2025.01.03 23:06:08 INFO  no build target found for /Users/sightes/Documents/GITHUB/2025_Scala_Project/sqlite_data_insert/src/main/scala/Main.scala. Using presentation compiler with project's scala-library version: 3.3.4
2025.01.03 23:06:12 INFO  no build target found for /Users/sightes/Documents/GITHUB/2025_Scala_Project/sqlite_data_insert/src/main/scala/Main.scala. Using presentation compiler with project's scala-library version: 3.3.4
2025.01.03 23:06:13 INFO  no build target found for /Users/sightes/Documents/GITHUB/2025_Scala_Project/sqlite_data_insert/src/main/scala/Main.scala. Using presentation compiler with project's scala-library version: 3.3.4
2025.01.03 23:06:13 INFO  no build target found for /Users/sightes/Documents/GITHUB/2025_Scala_Project/sqlite_data_insert/src/main/scala/Main.scala. Using presentation compiler with project's scala-library version: 3.3.4
2025.01.03 23:06:13 INFO  no build target found for /Users/sightes/Documents/GITHUB/2025_Scala_Project/sqlite_data_insert/src/main/scala/Main.scala. Using presentation compiler with project's scala-library version: 3.3.4
2025.01.03 23:06:14 INFO  no build target found for /Users/sightes/Documents/GITHUB/2025_Scala_Project/sqlite_data_insert/src/main/scala/Main.scala. Using presentation compiler with project's scala-library version: 3.3.4
2025.01.03 23:06:14 INFO  no build target found for /Users/sightes/Documents/GITHUB/2025_Scala_Project/sqlite_data_insert/src/main/scala/Main.scala. Using presentation compiler with project's scala-library version: 3.3.4
2025.01.03 23:06:16 INFO  no build target found for /Users/sightes/Documents/GITHUB/2025_Scala_Project/sqlite_data_insert/src/main/scala/Main.scala. Using presentation compiler with project's scala-library version: 3.3.4
2025.01.03 23:06:16 INFO  no build target found for /Users/sightes/Documents/GITHUB/2025_Scala_Project/sqlite_data_insert/src/main/scala/Main.scala. Using presentation compiler with project's scala-library version: 3.3.4
2025.01.03 23:06:16 INFO  no build target found for /Users/sightes/Documents/GITHUB/2025_Scala_Project/sqlite_data_insert/src/main/scala/Main.scala. Using presentation compiler with project's scala-library version: 3.3.4
2025.01.03 23:06:17 INFO  no build target found for /Users/sightes/Documents/GITHUB/2025_Scala_Project/sqlite_data_insert/src/main/scala/Main.scala. Using presentation compiler with project's scala-library version: 3.3.4
2025.01.03 23:06:26 INFO  no build target found for /Users/sightes/Documents/GITHUB/2025_Scala_Project/sqlite_data_insert/src/main/scala/Main.scala. Using presentation compiler with project's scala-library version: 3.3.4
2025.01.03 23:06:26 INFO  no build target found for /Users/sightes/Documents/GITHUB/2025_Scala_Project/sqlite_data_insert/src/main/scala/Main.scala. Using presentation compiler with project's scala-library version: 3.3.4
2025.01.03 23:07:27 INFO  no build target found for /Users/sightes/Documents/GITHUB/2025_Scala_Project/sqlite_data_insert/src/main/scala/Main.scala. Using presentation compiler with project's scala-library version: 3.3.4
2025.01.03 23:07:27 INFO  no build target found for /Users/sightes/Documents/GITHUB/2025_Scala_Project/sqlite_data_insert/src/main/scala/Main.scala. Using presentation compiler with project's scala-library version: 3.3.4
2025.01.03 23:07:28 INFO  no build target found for /Users/sightes/Documents/GITHUB/2025_Scala_Project/sqlite_data_insert/src/main/scala/Main.scala. Using presentation compiler with project's scala-library version: 3.3.4
2025.01.03 23:07:28 INFO  no build target found for /Users/sightes/Documents/GITHUB/2025_Scala_Project/sqlite_data_insert/src/main/scala/Main.scala. Using presentation compiler with project's scala-library version: 3.3.4
2025.01.03 23:09:04 INFO  no build target found for /Users/sightes/Documents/GITHUB/2025_Scala_Project/sqlite_data_insert/src/main/scala/Main.scala. Using presentation compiler with project's scala-library version: 3.3.4
2025.01.03 23:09:04 INFO  no build target found for /Users/sightes/Documents/GITHUB/2025_Scala_Project/sqlite_data_insert/src/main/scala/Main.scala. Using presentation compiler with project's scala-library version: 3.3.4
2025.01.03 23:09:07 INFO  no build target found for /Users/sightes/Documents/GITHUB/2025_Scala_Project/sqlite_data_insert/src/main/scala/Main.scala. Using presentation compiler with project's scala-library version: 3.3.4
2025.01.03 23:09:09 INFO  no build target found for /Users/sightes/Documents/GITHUB/2025_Scala_Project/sqlite_data_insert/src/main/scala/Main.scala. Using presentation compiler with project's scala-library version: 3.3.4
2025.01.03 23:09:10 INFO  no build target found for /Users/sightes/Documents/GITHUB/2025_Scala_Project/sqlite_data_insert/src/main/scala/Main.scala. Using presentation compiler with project's scala-library version: 3.3.4
2025.01.03 23:10:38 INFO  no build target found for /Users/sightes/Documents/GITHUB/2025_Scala_Project/sqlite_data_insert/src/main/scala/Main.scala. Using presentation compiler with project's scala-library version: 3.3.4
2025.01.03 23:11:18 INFO  no build target found for /Users/sightes/Documents/GITHUB/2025_Scala_Project/Calculadora_Basica/src/main/scala/Main.scala. Using presentation compiler with project's scala-library version: 3.3.4
2025.01.03 23:11:18 INFO  no build target found for /Users/sightes/Documents/GITHUB/2025_Scala_Project/Calculadora_Basica/src/main/scala/Main.scala. Using presentation compiler with project's scala-library version: 3.3.4
2025.01.03 23:11:19 INFO  no build target found for /Users/sightes/Documents/GITHUB/2025_Scala_Project/Calculadora_Basica/src/main/scala/Main.scala. Using presentation compiler with project's scala-library version: 3.3.4
2025.01.03 23:11:22 INFO  no build target found for /Users/sightes/Documents/GITHUB/2025_Scala_Project/Calculadora_Basica/src/main/scala/Main.scala. Using presentation compiler with project's scala-library version: 3.3.4
2025.01.03 23:11:29 INFO  no build target found for /Users/sightes/Documents/GITHUB/2025_Scala_Project/Calculadora_Basica/src/main/scala/Main.scala. Using presentation compiler with project's scala-library version: 3.3.4
2025.01.03 23:11:29 INFO  no build target found for /Users/sightes/Documents/GITHUB/2025_Scala_Project/Calculadora_Basica/src/main/scala/Main.scala. Using presentation compiler with project's scala-library version: 3.3.4
2025.01.03 23:11:29 INFO  no build target found for /Users/sightes/Documents/GITHUB/2025_Scala_Project/Calculadora_Basica/src/main/scala/Main.scala. Using presentation compiler with project's scala-library version: 3.3.4
2025.01.03 23:11:50 INFO  no build target found for /Users/sightes/Documents/GITHUB/2025_Scala_Project/Calculadora_Basica/src/main/scala/Main.scala. Using presentation compiler with project's scala-library version: 3.3.4
2025.01.03 23:11:56 INFO  no build target found for /Users/sightes/Documents/GITHUB/2025_Scala_Project/Calculadora_Basica/src/main/scala/Main.scala. Using presentation compiler with project's scala-library version: 3.3.4
2025.01.03 23:11:56 INFO  no build target found for /Users/sightes/Documents/GITHUB/2025_Scala_Project/Calculadora_Basica/src/main/scala/Main.scala. Using presentation compiler with project's scala-library version: 3.3.4
2025.01.03 23:11:58 INFO  no build target found for /Users/sightes/Documents/GITHUB/2025_Scala_Project/Calculadora_Basica/src/main/scala/Main.scala. Using presentation compiler with project's scala-library version: 3.3.4
2025.01.03 23:11:58 INFO  no build target found for /Users/sightes/Documents/GITHUB/2025_Scala_Project/Calculadora_Basica/src/main/scala/Main.scala. Using presentation compiler with project's scala-library version: 3.3.4
2025.01.03 23:11:59 INFO  no build target found for /Users/sightes/Documents/GITHUB/2025_Scala_Project/Calculadora_Basica/src/main/scala/Main.scala. Using presentation compiler with project's scala-library version: 3.3.4
2025.01.03 23:12:00 WARN  no build target for: /Users/sightes/Documents/GITHUB/2025_Scala_Project/Calculadora_Basica/src/main/scala/Main.scala
2025.01.03 23:12:00 INFO  no build target found for /Users/sightes/Documents/GITHUB/2025_Scala_Project/Calculadora_Basica/src/main/scala/Main.scala. Using presentation compiler with project's scala-library version: 3.3.4
2025.01.03 23:12:00 INFO  no build target found for /Users/sightes/Documents/GITHUB/2025_Scala_Project/Calculadora_Basica/src/main/scala/Main.scala. Using presentation compiler with project's scala-library version: 3.3.4
2025.01.03 23:13:10 INFO  no build target found for /Users/sightes/Documents/GITHUB/2025_Scala_Project/Calculadora_Basica/src/main/scala/Main.scala. Using presentation compiler with project's scala-library version: 3.3.4
2025.01.03 23:13:41 INFO  Shutting down server
2025.01.03 23:13:41 INFO  shutting down Metals
2025.01.03 23:13:41 INFO  Exiting server
2025.01.03 23:32:59 INFO  Started: Metals version 1.4.2 in folders '/Users/sightes/Documents/GITHUB/2025_Scala_Project' for client Visual Studio Code 1.96.2.
2025.01.03 23:33:00 INFO  no build target found for /Users/sightes/Documents/GITHUB/2025_Scala_Project/Calculadora_Basica/src/main/scala/Main.scala. Using presentation compiler with project's scala-library version: 3.3.4
2025.01.03 23:33:13 INFO  Shutting down server
2025.01.03 23:33:13 INFO  shutting down Metals
2025.01.03 23:33:13 INFO  Exiting server
2025.01.03 23:33:13 ERROR Unexpected error initializing server: 
org.eclipse.lsp4j.jsonrpc.ResponseErrorException: Request window/showMessageRequest failed with message: Canceled
	at org.eclipse.lsp4j.jsonrpc.RemoteEndpoint.handleResponse(RemoteEndpoint.java:220)
	at org.eclipse.lsp4j.jsonrpc.RemoteEndpoint.consume(RemoteEndpoint.java:204)
	at org.eclipse.lsp4j.jsonrpc.json.StreamMessageProducer.handleMessage(StreamMessageProducer.java:185)
	at org.eclipse.lsp4j.jsonrpc.json.StreamMessageProducer.listen(StreamMessageProducer.java:97)
	at org.eclipse.lsp4j.jsonrpc.json.ConcurrentMessageProcessor.run(ConcurrentMessageProcessor.java:114)
	at java.util.concurrent.Executors$RunnableAdapter.call(Executors.java:572)
	at java.util.concurrent.FutureTask.run(FutureTask.java:317)
	at java.util.concurrent.ThreadPoolExecutor.runWorker(ThreadPoolExecutor.java:1144)
	at java.util.concurrent.ThreadPoolExecutor$Worker.run(ThreadPoolExecutor.java:642)
	at java.lang.Thread.run(Thread.java:1570)

2025.01.03 23:33:46 INFO  Started: Metals version 1.4.2 in folders '/Users/sightes/Documents/GITHUB/2025_Scala_Project' for client Visual Studio Code 1.96.2.
2025.01.03 23:36:47 INFO  no build target found for /Users/sightes/Documents/GITHUB/2025_Scala_Project/sqlite_data_insert/src/main/scala/Main.scala. Using presentation compiler with project's scala-library version: 3.3.4
2025.01.03 23:37:24 INFO  Shutting down server
2025.01.03 23:37:24 INFO  shutting down Metals
2025.01.03 23:37:24 INFO  Exiting server
